This is pdfTeX, Version 3.14159265-2.6-1.40.21 (TeX Live 2020/W32TeX) (preloaded format=pdflatex 2021.4.19)  21 JUN 2022 15:38
entering extended mode
 restricted \write18 enabled.
 %&-line parsing enabled.
**wzory_autocorr.tex
(./wzory_autocorr.tex
LaTeX2e <2020-02-02> patch level 5
L3 programming layer <2020-03-06>
(d:/TeX/tex_live/texlive/2020/texmf-dist/tex/latex/mwcls/mwart.cls
Document Class: mwart 2017/05/13 v0.75 A LaTeX document class (MW)
*** Beta version. Formatting may change
*** in future versions of this class.
(d:/TeX/tex_live/texlive/2020/texmf-dist/tex/latex/mwcls/mw12.clo
File: mw12.clo 2017/05/13 v0.75 A document class size option (MW)
)
\@parindent=\dimen134
\c@part=\count167
\c@section=\count168
\c@subsection=\count169
\c@subsubsection=\count170
\c@paragraph=\count171
\c@subparagraph=\count172
\c@figure=\count173
\c@table=\count174
\abovecaptionskip=\skip47
\belowcaptionskip=\skip48
\bibindent=\dimen135
)
(d:/TeX/tex_live/texlive/2020/texmf-dist/tex/latex/base/inputenc.sty
Package: inputenc 2018/08/11 v1.3c Input encoding file
\inpenc@prehook=\toks15
\inpenc@posthook=\toks16
)
(d:/TeX/tex_live/texlive/2020/texmf-dist/tex/latex/base/fontenc.sty
Package: fontenc 2020/02/11 v2.0o Standard LaTeX package
)
(d:/TeX/tex_live/texlive/2020/texmf-dist/tex/latex/mathtools/mathtools.sty
Package: mathtools 2020/03/24 v1.24 mathematical typesetting tools

(d:/TeX/tex_live/texlive/2020/texmf-dist/tex/latex/graphics/keyval.sty
Package: keyval 2014/10/28 v1.15 key=value parser (DPC)
\KV@toks@=\toks17
)
(d:/TeX/tex_live/texlive/2020/texmf-dist/tex/latex/tools/calc.sty
Package: calc 2017/05/25 v4.3 Infix arithmetic (KKT,FJ)
\calc@Acount=\count175
\calc@Bcount=\count176
\calc@Adimen=\dimen136
\calc@Bdimen=\dimen137
\calc@Askip=\skip49
\calc@Bskip=\skip50
LaTeX Info: Redefining \setlength on input line 80.
LaTeX Info: Redefining \addtolength on input line 81.
\calc@Ccount=\count177
\calc@Cskip=\skip51
)
(d:/TeX/tex_live/texlive/2020/texmf-dist/tex/latex/mathtools/mhsetup.sty
Package: mhsetup 2017/03/31 v1.3 programming setup (MH)
)
(d:/TeX/tex_live/texlive/2020/texmf-dist/tex/latex/amsmath/amsmath.sty
Package: amsmath 2020/01/20 v2.17e AMS math features
\@mathmargin=\skip52

For additional information on amsmath, use the `?' option.
(d:/TeX/tex_live/texlive/2020/texmf-dist/tex/latex/amsmath/amstext.sty
Package: amstext 2000/06/29 v2.01 AMS text

(d:/TeX/tex_live/texlive/2020/texmf-dist/tex/latex/amsmath/amsgen.sty
File: amsgen.sty 1999/11/30 v2.0 generic functions
\@emptytoks=\toks18
\ex@=\dimen138
))
(d:/TeX/tex_live/texlive/2020/texmf-dist/tex/latex/amsmath/amsbsy.sty
Package: amsbsy 1999/11/29 v1.2d Bold Symbols
\pmbraise@=\dimen139
)
(d:/TeX/tex_live/texlive/2020/texmf-dist/tex/latex/amsmath/amsopn.sty
Package: amsopn 2016/03/08 v2.02 operator names
)
\inf@bad=\count178
LaTeX Info: Redefining \frac on input line 227.
\uproot@=\count179
\leftroot@=\count180
LaTeX Info: Redefining \overline on input line 389.
\classnum@=\count181
\DOTSCASE@=\count182
LaTeX Info: Redefining \ldots on input line 486.
LaTeX Info: Redefining \dots on input line 489.
LaTeX Info: Redefining \cdots on input line 610.
\Mathstrutbox@=\box45
\strutbox@=\box46
\big@size=\dimen140
LaTeX Font Info:    Redeclaring font encoding OML on input line 733.
LaTeX Font Info:    Redeclaring font encoding OMS on input line 734.
\macc@depth=\count183
\c@MaxMatrixCols=\count184
\dotsspace@=\muskip16
\c@parentequation=\count185
\dspbrk@lvl=\count186
\tag@help=\toks19
\row@=\count187
\column@=\count188
\maxfields@=\count189
\andhelp@=\toks20
\eqnshift@=\dimen141
\alignsep@=\dimen142
\tagshift@=\dimen143
\tagwidth@=\dimen144
\totwidth@=\dimen145
\lineht@=\dimen146
\@envbody=\toks21
\multlinegap=\skip53
\multlinetaggap=\skip54
\mathdisplay@stack=\toks22
LaTeX Info: Redefining \[ on input line 2859.
LaTeX Info: Redefining \] on input line 2860.
)
LaTeX Info: Thecontrolsequence`\('isalreadyrobust on input line 130.
LaTeX Info: Thecontrolsequence`\)'isalreadyrobust on input line 130.
LaTeX Info: Thecontrolsequence`\['isalreadyrobust on input line 130.
LaTeX Info: Thecontrolsequence`\]'isalreadyrobust on input line 130.
\g_MT_multlinerow_int=\count190
\l_MT_multwidth_dim=\dimen147
\origjot=\skip55
\l_MT_shortvdotswithinadjustabove_dim=\dimen148
\l_MT_shortvdotswithinadjustbelow_dim=\dimen149
\l_MT_above_intertext_sep=\dimen150
\l_MT_below_intertext_sep=\dimen151
\l_MT_above_shortintertext_sep=\dimen152
\l_MT_below_shortintertext_sep=\dimen153
\xmathstrut@box=\box47
\xmathstrut@dim=\dimen154
)
(d:/TeX/tex_live/texlive/2020/texmf-dist/tex/latex/amscls/amsthm.sty
Package: amsthm 2017/10/31 v2.20.4
\thm@style=\toks23
\thm@bodyfont=\toks24
\thm@headfont=\toks25
\thm@notefont=\toks26
\thm@headpunct=\toks27
\thm@preskip=\skip56
\thm@postskip=\skip57
\thm@headsep=\skip58
\dth@everypar=\toks28
)
(d:/TeX/tex_live/texlive/2020/texmf-dist/tex/latex/amsfonts/amssymb.sty
Package: amssymb 2013/01/14 v3.01 AMS font symbols

(d:/TeX/tex_live/texlive/2020/texmf-dist/tex/latex/amsfonts/amsfonts.sty
Package: amsfonts 2013/01/14 v3.01 Basic AMSFonts support
\symAMSa=\mathgroup4
\symAMSb=\mathgroup5
LaTeX Font Info:    Redeclaring math symbol \hbar on input line 98.
LaTeX Font Info:    Overwriting math alphabet `\mathfrak' in version `bold'
(Font)                  U/euf/m/n --> U/euf/b/n on input line 106.
))
(d:/TeX/tex_live/texlive/2020/texmf-dist/tex/latex/geometry/geometry.sty
Package: geometry 2020/01/02 v5.9 Page Geometry

(d:/TeX/tex_live/texlive/2020/texmf-dist/tex/generic/iftex/ifvtex.sty
Package: ifvtex 2019/10/25 v1.7 ifvtex legacy package. Use iftex instead.

(d:/TeX/tex_live/texlive/2020/texmf-dist/tex/generic/iftex/iftex.sty
Package: iftex 2020/03/06 v1.0d TeX engine tests
))
\Gm@cnth=\count191
\Gm@cntv=\count192
\c@Gm@tempcnt=\count193
\Gm@bindingoffset=\dimen155
\Gm@wd@mp=\dimen156
\Gm@odd@mp=\dimen157
\Gm@even@mp=\dimen158
\Gm@layoutwidth=\dimen159
\Gm@layoutheight=\dimen160
\Gm@layouthoffset=\dimen161
\Gm@layoutvoffset=\dimen162
\Gm@dimlist=\toks29
)
(d:/TeX/tex_live/texlive/2020/texmf-dist/tex/latex/colortbl/colortbl.sty
Package: colortbl 2020/01/04 v1.0e Color table columns (DPC)

(d:/TeX/tex_live/texlive/2020/texmf-dist/tex/latex/tools/array.sty
Package: array 2019/08/31 v2.4l Tabular extension package (FMi)
\col@sep=\dimen163
\ar@mcellbox=\box48
\extrarowheight=\dimen164
\NC@list=\toks30
\extratabsurround=\skip59
\backup@length=\skip60
\ar@cellbox=\box49
)
(d:/TeX/tex_live/texlive/2020/texmf-dist/tex/latex/graphics/color.sty
Package: color 2019/11/23 v1.2a Standard LaTeX Color (DPC)

(d:/TeX/tex_live/texlive/2020/texmf-dist/tex/latex/graphics-cfg/color.cfg
File: color.cfg 2016/01/02 v1.6 sample color configuration
)
Package color Info: Driver file: pdftex.def on input line 147.

(d:/TeX/tex_live/texlive/2020/texmf-dist/tex/latex/graphics-def/pdftex.def
File: pdftex.def 2018/01/08 v1.0l Graphics/color driver for pdftex
))
\everycr=\toks31
\minrowclearance=\skip61
)
(d:/TeX/tex_live/texlive/2020/texmf-dist/tex/latex/hyperref/hyperref.sty
Package: hyperref 2020/01/14 v7.00d Hypertext links for LaTeX

(d:/TeX/tex_live/texlive/2020/texmf-dist/tex/generic/ltxcmds/ltxcmds.sty
Package: ltxcmds 2019/12/15 v1.24 LaTeX kernel commands for general use (HO)
)
(d:/TeX/tex_live/texlive/2020/texmf-dist/tex/latex/pdftexcmds/pdftexcmds.sty
Package: pdftexcmds 2019/11/24 v0.31 Utility functions of pdfTeX for LuaTeX (HO
)

(d:/TeX/tex_live/texlive/2020/texmf-dist/tex/generic/infwarerr/infwarerr.sty
Package: infwarerr 2019/12/03 v1.5 Providing info/warning/error messages (HO)
)
Package pdftexcmds Info: \pdf@primitive is available.
Package pdftexcmds Info: \pdf@ifprimitive is available.
Package pdftexcmds Info: \pdfdraftmode found.
)
(d:/TeX/tex_live/texlive/2020/texmf-dist/tex/generic/kvsetkeys/kvsetkeys.sty
Package: kvsetkeys 2019/12/15 v1.18 Key value parser (HO)
)
(d:/TeX/tex_live/texlive/2020/texmf-dist/tex/generic/kvdefinekeys/kvdefinekeys.
sty
Package: kvdefinekeys 2019-12-19 v1.6 Define keys (HO)
)
(d:/TeX/tex_live/texlive/2020/texmf-dist/tex/generic/pdfescape/pdfescape.sty
Package: pdfescape 2019/12/09 v1.15 Implements pdfTeX's escape features (HO)
)
(d:/TeX/tex_live/texlive/2020/texmf-dist/tex/latex/hycolor/hycolor.sty
Package: hycolor 2020-01-27 v1.10 Color options for hyperref/bookmark (HO)
)
(d:/TeX/tex_live/texlive/2020/texmf-dist/tex/latex/letltxmacro/letltxmacro.sty
Package: letltxmacro 2019/12/03 v1.6 Let assignment for LaTeX macros (HO)
) (d:/TeX/tex_live/texlive/2020/texmf-dist/tex/latex/auxhook/auxhook.sty
Package: auxhook 2019-12-17 v1.6 Hooks for auxiliary files (HO)
)
(d:/TeX/tex_live/texlive/2020/texmf-dist/tex/latex/kvoptions/kvoptions.sty
Package: kvoptions 2019/11/29 v3.13 Key value format for package options (HO)
)
\@linkdim=\dimen165
\Hy@linkcounter=\count194
\Hy@pagecounter=\count195

(d:/TeX/tex_live/texlive/2020/texmf-dist/tex/latex/hyperref/pd1enc.def
File: pd1enc.def 2020/01/14 v7.00d Hyperref: PDFDocEncoding definition (HO)
Now handling font encoding PD1 ...
... no UTF-8 mapping file for font encoding PD1
)
(d:/TeX/tex_live/texlive/2020/texmf-dist/tex/generic/intcalc/intcalc.sty
Package: intcalc 2019/12/15 v1.3 Expandable calculations with integers (HO)
)
(d:/TeX/tex_live/texlive/2020/texmf-dist/tex/generic/etexcmds/etexcmds.sty
Package: etexcmds 2019/12/15 v1.7 Avoid name clashes with e-TeX commands (HO)
)
\Hy@SavedSpaceFactor=\count196
Package hyperref Info: Hyper figures OFF on input line 4547.
Package hyperref Info: Link nesting OFF on input line 4552.
Package hyperref Info: Hyper index ON on input line 4555.
Package hyperref Info: Plain pages OFF on input line 4562.
Package hyperref Info: Backreferencing OFF on input line 4567.
Package hyperref Info: Implicit mode ON; LaTeX internals redefined.
Package hyperref Info: Bookmarks ON on input line 4800.
\c@Hy@tempcnt=\count197

(d:/TeX/tex_live/texlive/2020/texmf-dist/tex/latex/url/url.sty
\Urlmuskip=\muskip17
Package: url 2013/09/16  ver 3.4  Verb mode for urls, etc.
)
LaTeX Info: Redefining \url on input line 5159.
\XeTeXLinkMargin=\dimen166

(d:/TeX/tex_live/texlive/2020/texmf-dist/tex/generic/bitset/bitset.sty
Package: bitset 2019/12/09 v1.3 Handle bit-vector datatype (HO)

(d:/TeX/tex_live/texlive/2020/texmf-dist/tex/generic/bigintcalc/bigintcalc.sty
Package: bigintcalc 2019/12/15 v1.5 Expandable calculations on big integers (HO
)
))
\Fld@menulength=\count198
\Field@Width=\dimen167
\Fld@charsize=\dimen168
Package hyperref Info: Hyper figures OFF on input line 6430.
Package hyperref Info: Link nesting OFF on input line 6435.
Package hyperref Info: Hyper index ON on input line 6438.
Package hyperref Info: backreferencing OFF on input line 6445.
Package hyperref Info: Link coloring OFF on input line 6450.
Package hyperref Info: Link coloring with OCG OFF on input line 6455.
Package hyperref Info: PDF/A mode OFF on input line 6460.
LaTeX Info: Redefining \ref on input line 6500.
LaTeX Info: Redefining \pageref on input line 6504.
 (d:/TeX/tex_live/texlive/2020/texmf-dist/tex/generic/atbegshi/atbegshi.sty
Package: atbegshi 2019/12/05 v1.19 At begin shipout hook (HO)
)
\Hy@abspage=\count199
\c@Item=\count266
\c@Hfootnote=\count267
)
Package hyperref Info: Driver (autodetected): hpdftex.

(d:/TeX/tex_live/texlive/2020/texmf-dist/tex/latex/hyperref/hpdftex.def
File: hpdftex.def 2020/01/14 v7.00d Hyperref driver for pdfTeX

(d:/TeX/tex_live/texlive/2020/texmf-dist/tex/latex/atveryend/atveryend.sty
Package: atveryend 2019-12-11 v1.11 Hooks at the very end of document (HO)
Package atveryend Info: \enddocument detected (standard20110627).
)
\Fld@listcount=\count268
\c@bookmark@seq@number=\count269

(d:/TeX/tex_live/texlive/2020/texmf-dist/tex/latex/rerunfilecheck/rerunfilechec
k.sty
Package: rerunfilecheck 2019/12/05 v1.9 Rerun checks for auxiliary files (HO)

(d:/TeX/tex_live/texlive/2020/texmf-dist/tex/generic/uniquecounter/uniquecounte
r.sty
Package: uniquecounter 2019/12/15 v1.4 Provide unlimited unique counter (HO)
)
Package uniquecounter Info: New unique counter `rerunfilecheck' on input line 2
86.
)
\Hy@SectionHShift=\skip62
) (d:/TeX/tex_live/texlive/2020/texmf-dist/tex/latex/xcolor/xcolor.sty
Package: xcolor 2016/05/11 v2.12 LaTeX color extensions (UK)

(d:/TeX/tex_live/texlive/2020/texmf-dist/tex/latex/graphics-cfg/color.cfg
File: color.cfg 2016/01/02 v1.6 sample color configuration
)
Package xcolor Info: Driver file: pdftex.def on input line 225.
LaTeX Info: Redefining \color on input line 709.
Package xcolor Info: Model `cmy' substituted by `cmy0' on input line 1348.
Package xcolor Info: Model `hsb' substituted by `rgb' on input line 1352.
Package xcolor Info: Model `RGB' extended on input line 1364.
Package xcolor Info: Model `HTML' substituted by `rgb' on input line 1366.
Package xcolor Info: Model `Hsb' substituted by `hsb' on input line 1367.
Package xcolor Info: Model `tHsb' substituted by `hsb' on input line 1368.
Package xcolor Info: Model `HSB' substituted by `hsb' on input line 1369.
Package xcolor Info: Model `Gray' substituted by `gray' on input line 1370.
Package xcolor Info: Model `wave' substituted by `hsb' on input line 1371.
)
(d:/TeX/tex_live/texlive/2020/texmf-dist/tex/latex/cancel/cancel.sty
Package: cancel 2013/04/12 v2.2 Cancel math terms
)
(d:/TeX/tex_live/texlive/2020/texmf-dist/tex/latex/pgf/frontendlayer/tikz.sty
(d:/TeX/tex_live/texlive/2020/texmf-dist/tex/latex/pgf/basiclayer/pgf.sty
(d:/TeX/tex_live/texlive/2020/texmf-dist/tex/latex/pgf/utilities/pgfrcs.sty
(d:/TeX/tex_live/texlive/2020/texmf-dist/tex/generic/pgf/utilities/pgfutil-comm
on.tex
\pgfutil@everybye=\toks32
\pgfutil@tempdima=\dimen169
\pgfutil@tempdimb=\dimen170

(d:/TeX/tex_live/texlive/2020/texmf-dist/tex/generic/pgf/utilities/pgfutil-comm
on-lists.tex))
(d:/TeX/tex_live/texlive/2020/texmf-dist/tex/generic/pgf/utilities/pgfutil-late
x.def
\pgfutil@abb=\box50
 (d:/TeX/tex_live/texlive/2020/texmf-dist/tex/latex/ms/everyshi.sty
Package: everyshi 2001/05/15 v3.00 EveryShipout Package (MS)
))
(d:/TeX/tex_live/texlive/2020/texmf-dist/tex/generic/pgf/utilities/pgfrcs.code.
tex (d:/TeX/tex_live/texlive/2020/texmf-dist/tex/generic/pgf/pgf.revision.tex)
Package: pgfrcs 2020/01/08 v3.1.5b (3.1.5b)
))
Package: pgf 2020/01/08 v3.1.5b (3.1.5b)
 (d:/TeX/tex_live/texlive/2020/texmf-dist/tex/latex/pgf/basiclayer/pgfcore.sty 
(d:/TeX/tex_live/texlive/2020/texmf-dist/tex/latex/graphics/graphicx.sty
Package: graphicx 2019/11/30 v1.2a Enhanced LaTeX Graphics (DPC,SPQR)

(d:/TeX/tex_live/texlive/2020/texmf-dist/tex/latex/graphics/graphics.sty
Package: graphics 2019/11/30 v1.4a Standard LaTeX Graphics (DPC,SPQR)

(d:/TeX/tex_live/texlive/2020/texmf-dist/tex/latex/graphics/trig.sty
Package: trig 2016/01/03 v1.10 sin cos tan (DPC)
)
(d:/TeX/tex_live/texlive/2020/texmf-dist/tex/latex/graphics-cfg/graphics.cfg
File: graphics.cfg 2016/06/04 v1.11 sample graphics configuration
)
Package graphics Info: Driver file: pdftex.def on input line 105.
)
\Gin@req@height=\dimen171
\Gin@req@width=\dimen172
) (d:/TeX/tex_live/texlive/2020/texmf-dist/tex/latex/pgf/systemlayer/pgfsys.sty

(d:/TeX/tex_live/texlive/2020/texmf-dist/tex/generic/pgf/systemlayer/pgfsys.cod
e.tex
Package: pgfsys 2020/01/08 v3.1.5b (3.1.5b)

(d:/TeX/tex_live/texlive/2020/texmf-dist/tex/generic/pgf/utilities/pgfkeys.code
.tex
\pgfkeys@pathtoks=\toks33
\pgfkeys@temptoks=\toks34

(d:/TeX/tex_live/texlive/2020/texmf-dist/tex/generic/pgf/utilities/pgfkeysfilte
red.code.tex
\pgfkeys@tmptoks=\toks35
))
\pgf@x=\dimen173
\pgf@y=\dimen174
\pgf@xa=\dimen175
\pgf@ya=\dimen176
\pgf@xb=\dimen177
\pgf@yb=\dimen178
\pgf@xc=\dimen179
\pgf@yc=\dimen180
\pgf@xd=\dimen181
\pgf@yd=\dimen182
\w@pgf@writea=\write3
\r@pgf@reada=\read2
\c@pgf@counta=\count270
\c@pgf@countb=\count271
\c@pgf@countc=\count272
\c@pgf@countd=\count273
\t@pgf@toka=\toks36
\t@pgf@tokb=\toks37
\t@pgf@tokc=\toks38
\pgf@sys@id@count=\count274

(d:/TeX/tex_live/texlive/2020/texmf-dist/tex/generic/pgf/systemlayer/pgf.cfg
File: pgf.cfg 2020/01/08 v3.1.5b (3.1.5b)
)
Driver file for pgf: pgfsys-pdftex.def

(d:/TeX/tex_live/texlive/2020/texmf-dist/tex/generic/pgf/systemlayer/pgfsys-pdf
tex.def
File: pgfsys-pdftex.def 2020/01/08 v3.1.5b (3.1.5b)

(d:/TeX/tex_live/texlive/2020/texmf-dist/tex/generic/pgf/systemlayer/pgfsys-com
mon-pdf.def
File: pgfsys-common-pdf.def 2020/01/08 v3.1.5b (3.1.5b)
)))
(d:/TeX/tex_live/texlive/2020/texmf-dist/tex/generic/pgf/systemlayer/pgfsyssoft
path.code.tex
File: pgfsyssoftpath.code.tex 2020/01/08 v3.1.5b (3.1.5b)
\pgfsyssoftpath@smallbuffer@items=\count275
\pgfsyssoftpath@bigbuffer@items=\count276
)
(d:/TeX/tex_live/texlive/2020/texmf-dist/tex/generic/pgf/systemlayer/pgfsysprot
ocol.code.tex
File: pgfsysprotocol.code.tex 2020/01/08 v3.1.5b (3.1.5b)
))
(d:/TeX/tex_live/texlive/2020/texmf-dist/tex/generic/pgf/basiclayer/pgfcore.cod
e.tex
Package: pgfcore 2020/01/08 v3.1.5b (3.1.5b)

(d:/TeX/tex_live/texlive/2020/texmf-dist/tex/generic/pgf/math/pgfmath.code.tex
(d:/TeX/tex_live/texlive/2020/texmf-dist/tex/generic/pgf/math/pgfmathcalc.code.
tex
(d:/TeX/tex_live/texlive/2020/texmf-dist/tex/generic/pgf/math/pgfmathutil.code.
tex)
(d:/TeX/tex_live/texlive/2020/texmf-dist/tex/generic/pgf/math/pgfmathparser.cod
e.tex
\pgfmath@dimen=\dimen183
\pgfmath@count=\count277
\pgfmath@box=\box51
\pgfmath@toks=\toks39
\pgfmath@stack@operand=\toks40
\pgfmath@stack@operation=\toks41
)
(d:/TeX/tex_live/texlive/2020/texmf-dist/tex/generic/pgf/math/pgfmathfunctions.
code.tex
(d:/TeX/tex_live/texlive/2020/texmf-dist/tex/generic/pgf/math/pgfmathfunctions.
basic.code.tex)
(d:/TeX/tex_live/texlive/2020/texmf-dist/tex/generic/pgf/math/pgfmathfunctions.
trigonometric.code.tex)
(d:/TeX/tex_live/texlive/2020/texmf-dist/tex/generic/pgf/math/pgfmathfunctions.
random.code.tex)
(d:/TeX/tex_live/texlive/2020/texmf-dist/tex/generic/pgf/math/pgfmathfunctions.
comparison.code.tex)
(d:/TeX/tex_live/texlive/2020/texmf-dist/tex/generic/pgf/math/pgfmathfunctions.
base.code.tex)
(d:/TeX/tex_live/texlive/2020/texmf-dist/tex/generic/pgf/math/pgfmathfunctions.
round.code.tex)
(d:/TeX/tex_live/texlive/2020/texmf-dist/tex/generic/pgf/math/pgfmathfunctions.
misc.code.tex)
(d:/TeX/tex_live/texlive/2020/texmf-dist/tex/generic/pgf/math/pgfmathfunctions.
integerarithmetics.code.tex)))
(d:/TeX/tex_live/texlive/2020/texmf-dist/tex/generic/pgf/math/pgfmathfloat.code
.tex
\c@pgfmathroundto@lastzeros=\count278
))
(d:/TeX/tex_live/texlive/2020/texmf-dist/tex/generic/pgf/math/pgfint.code.tex)
(d:/TeX/tex_live/texlive/2020/texmf-dist/tex/generic/pgf/basiclayer/pgfcorepoin
ts.code.tex
File: pgfcorepoints.code.tex 2020/01/08 v3.1.5b (3.1.5b)
\pgf@picminx=\dimen184
\pgf@picmaxx=\dimen185
\pgf@picminy=\dimen186
\pgf@picmaxy=\dimen187
\pgf@pathminx=\dimen188
\pgf@pathmaxx=\dimen189
\pgf@pathminy=\dimen190
\pgf@pathmaxy=\dimen191
\pgf@xx=\dimen192
\pgf@xy=\dimen193
\pgf@yx=\dimen194
\pgf@yy=\dimen195
\pgf@zx=\dimen196
\pgf@zy=\dimen197
)
(d:/TeX/tex_live/texlive/2020/texmf-dist/tex/generic/pgf/basiclayer/pgfcorepath
construct.code.tex
File: pgfcorepathconstruct.code.tex 2020/01/08 v3.1.5b (3.1.5b)
\pgf@path@lastx=\dimen198
\pgf@path@lasty=\dimen199
)
(d:/TeX/tex_live/texlive/2020/texmf-dist/tex/generic/pgf/basiclayer/pgfcorepath
usage.code.tex
File: pgfcorepathusage.code.tex 2020/01/08 v3.1.5b (3.1.5b)
\pgf@shorten@end@additional=\dimen256
\pgf@shorten@start@additional=\dimen257
)
(d:/TeX/tex_live/texlive/2020/texmf-dist/tex/generic/pgf/basiclayer/pgfcorescop
es.code.tex
File: pgfcorescopes.code.tex 2020/01/08 v3.1.5b (3.1.5b)
\pgfpic=\box52
\pgf@hbox=\box53
\pgf@layerbox@main=\box54
\pgf@picture@serial@count=\count279
)
(d:/TeX/tex_live/texlive/2020/texmf-dist/tex/generic/pgf/basiclayer/pgfcoregrap
hicstate.code.tex
File: pgfcoregraphicstate.code.tex 2020/01/08 v3.1.5b (3.1.5b)
\pgflinewidth=\dimen258
)
(d:/TeX/tex_live/texlive/2020/texmf-dist/tex/generic/pgf/basiclayer/pgfcoretran
sformations.code.tex
File: pgfcoretransformations.code.tex 2020/01/08 v3.1.5b (3.1.5b)
\pgf@pt@x=\dimen259
\pgf@pt@y=\dimen260
\pgf@pt@temp=\dimen261
)
(d:/TeX/tex_live/texlive/2020/texmf-dist/tex/generic/pgf/basiclayer/pgfcorequic
k.code.tex
File: pgfcorequick.code.tex 2020/01/08 v3.1.5b (3.1.5b)
)
(d:/TeX/tex_live/texlive/2020/texmf-dist/tex/generic/pgf/basiclayer/pgfcoreobje
cts.code.tex
File: pgfcoreobjects.code.tex 2020/01/08 v3.1.5b (3.1.5b)
)
(d:/TeX/tex_live/texlive/2020/texmf-dist/tex/generic/pgf/basiclayer/pgfcorepath
processing.code.tex
File: pgfcorepathprocessing.code.tex 2020/01/08 v3.1.5b (3.1.5b)
)
(d:/TeX/tex_live/texlive/2020/texmf-dist/tex/generic/pgf/basiclayer/pgfcorearro
ws.code.tex
File: pgfcorearrows.code.tex 2020/01/08 v3.1.5b (3.1.5b)
\pgfarrowsep=\dimen262
)
(d:/TeX/tex_live/texlive/2020/texmf-dist/tex/generic/pgf/basiclayer/pgfcoreshad
e.code.tex
File: pgfcoreshade.code.tex 2020/01/08 v3.1.5b (3.1.5b)
\pgf@max=\dimen263
\pgf@sys@shading@range@num=\count280
\pgf@shadingcount=\count281
)
(d:/TeX/tex_live/texlive/2020/texmf-dist/tex/generic/pgf/basiclayer/pgfcoreimag
e.code.tex
File: pgfcoreimage.code.tex 2020/01/08 v3.1.5b (3.1.5b)

(d:/TeX/tex_live/texlive/2020/texmf-dist/tex/generic/pgf/basiclayer/pgfcoreexte
rnal.code.tex
File: pgfcoreexternal.code.tex 2020/01/08 v3.1.5b (3.1.5b)
\pgfexternal@startupbox=\box55
))
(d:/TeX/tex_live/texlive/2020/texmf-dist/tex/generic/pgf/basiclayer/pgfcorelaye
rs.code.tex
File: pgfcorelayers.code.tex 2020/01/08 v3.1.5b (3.1.5b)
)
(d:/TeX/tex_live/texlive/2020/texmf-dist/tex/generic/pgf/basiclayer/pgfcoretran
sparency.code.tex
File: pgfcoretransparency.code.tex 2020/01/08 v3.1.5b (3.1.5b)
)
(d:/TeX/tex_live/texlive/2020/texmf-dist/tex/generic/pgf/basiclayer/pgfcorepatt
erns.code.tex
File: pgfcorepatterns.code.tex 2020/01/08 v3.1.5b (3.1.5b)
)
(d:/TeX/tex_live/texlive/2020/texmf-dist/tex/generic/pgf/basiclayer/pgfcorerdf.
code.tex
File: pgfcorerdf.code.tex 2020/01/08 v3.1.5b (3.1.5b)
)))
(d:/TeX/tex_live/texlive/2020/texmf-dist/tex/generic/pgf/modules/pgfmoduleshape
s.code.tex
File: pgfmoduleshapes.code.tex 2020/01/08 v3.1.5b (3.1.5b)
\pgfnodeparttextbox=\box56
)
(d:/TeX/tex_live/texlive/2020/texmf-dist/tex/generic/pgf/modules/pgfmoduleplot.
code.tex
File: pgfmoduleplot.code.tex 2020/01/08 v3.1.5b (3.1.5b)
)
(d:/TeX/tex_live/texlive/2020/texmf-dist/tex/latex/pgf/compatibility/pgfcomp-ve
rsion-0-65.sty
Package: pgfcomp-version-0-65 2020/01/08 v3.1.5b (3.1.5b)
\pgf@nodesepstart=\dimen264
\pgf@nodesepend=\dimen265
)
(d:/TeX/tex_live/texlive/2020/texmf-dist/tex/latex/pgf/compatibility/pgfcomp-ve
rsion-1-18.sty
Package: pgfcomp-version-1-18 2020/01/08 v3.1.5b (3.1.5b)
))
(d:/TeX/tex_live/texlive/2020/texmf-dist/tex/latex/pgf/utilities/pgffor.sty
(d:/TeX/tex_live/texlive/2020/texmf-dist/tex/latex/pgf/utilities/pgfkeys.sty
(d:/TeX/tex_live/texlive/2020/texmf-dist/tex/generic/pgf/utilities/pgfkeys.code
.tex)) (d:/TeX/tex_live/texlive/2020/texmf-dist/tex/latex/pgf/math/pgfmath.sty
(d:/TeX/tex_live/texlive/2020/texmf-dist/tex/generic/pgf/math/pgfmath.code.tex)
)
(d:/TeX/tex_live/texlive/2020/texmf-dist/tex/generic/pgf/utilities/pgffor.code.
tex
Package: pgffor 2020/01/08 v3.1.5b (3.1.5b)

(d:/TeX/tex_live/texlive/2020/texmf-dist/tex/generic/pgf/math/pgfmath.code.tex)
\pgffor@iter=\dimen266
\pgffor@skip=\dimen267
\pgffor@stack=\toks42
\pgffor@toks=\toks43
))
(d:/TeX/tex_live/texlive/2020/texmf-dist/tex/generic/pgf/frontendlayer/tikz/tik
z.code.tex
Package: tikz 2020/01/08 v3.1.5b (3.1.5b)

(d:/TeX/tex_live/texlive/2020/texmf-dist/tex/generic/pgf/libraries/pgflibrarypl
othandlers.code.tex
File: pgflibraryplothandlers.code.tex 2020/01/08 v3.1.5b (3.1.5b)
\pgf@plot@mark@count=\count282
\pgfplotmarksize=\dimen268
)
\tikz@lastx=\dimen269
\tikz@lasty=\dimen270
\tikz@lastxsaved=\dimen271
\tikz@lastysaved=\dimen272
\tikz@lastmovetox=\dimen273
\tikz@lastmovetoy=\dimen274
\tikzleveldistance=\dimen275
\tikzsiblingdistance=\dimen276
\tikz@figbox=\box57
\tikz@figbox@bg=\box58
\tikz@tempbox=\box59
\tikz@tempbox@bg=\box60
\tikztreelevel=\count283
\tikznumberofchildren=\count284
\tikznumberofcurrentchild=\count285
\tikz@fig@count=\count286

(d:/TeX/tex_live/texlive/2020/texmf-dist/tex/generic/pgf/modules/pgfmodulematri
x.code.tex
File: pgfmodulematrix.code.tex 2020/01/08 v3.1.5b (3.1.5b)
\pgfmatrixcurrentrow=\count287
\pgfmatrixcurrentcolumn=\count288
\pgf@matrix@numberofcolumns=\count289
)
\tikz@expandcount=\count290

(d:/TeX/tex_live/texlive/2020/texmf-dist/tex/generic/pgf/frontendlayer/tikz/lib
raries/tikzlibrarytopaths.code.tex
File: tikzlibrarytopaths.code.tex 2020/01/08 v3.1.5b (3.1.5b)
)))
(d:/TeX/tex_live/texlive/2020/texmf-dist/tex/latex/scalerel/scalerel.sty
Package: scalerel 2016/12/29 v1.8 Routines for constrained scaling and stretchi
ng of objects, relative to a reference object or in absolute terms

(d:/TeX/tex_live/texlive/2020/texmf-dist/tex/latex/etoolbox/etoolbox.sty
Package: etoolbox 2019/09/21 v2.5h e-TeX tools for LaTeX (JAW)
\etb@tempcnta=\count291
)
\thesrwidth=\skip63
\thesrheight=\skip64
\srblobheight=\skip65
\srblobdepth=\skip66
\mnxsrwidth=\skip67
\LMex=\skip68
\LMpt=\skip69
)
(d:/TeX/tex_live/texlive/2020/texmf-dist/tex/latex/pict2e/pict2e.sty
Package: pict2e 2019/08/20 v0.3c Improved picture commands (HjG,RN,JT)

(d:/TeX/tex_live/texlive/2020/texmf-dist/tex/latex/pict2e/pict2e.cfg
File: pict2e.cfg 2016/02/05 v0.1u pict2e configuration for teTeX/TeXLive
)
Package pict2e Info: Driver file: pdftex.def on input line 119.
Package pict2e Info: Driver file for pict2e: p2e-pdftex.def on input line 121.

(d:/TeX/tex_live/texlive/2020/texmf-dist/tex/latex/pict2e/p2e-pdftex.def
File: p2e-pdftex.def 2016/02/05 v0.1u Driver-dependant file (RN,HjG,JT)
)
\pIIe@GRAPH=\toks44
\@arclen=\dimen277
\@arcrad=\dimen278
\@tempdimd=\dimen279
)
(d:/TeX/tex_live/texlive/2020/texmf-dist/tex/latex/tkz-euclide/tkz-euclide.sty
2020/03/03 3.05c tkz-euclide.sty
Package: tkz-euclide 2020/03/03 3.05c for euclidan geometry 
(d:/TeX/tex_live/texlive/2020/texmf-dist/tex/latex/tkz-base/tkz-base.sty
2020/03/03 3.05c tkz-base.sty
Package: tkz-base 2020/03/03 3.05c tkz-base

(d:/TeX/tex_live/texlive/2020/texmf-dist/tex/generic/pgf/frontendlayer/tikz/lib
raries/tikzlibraryangles.code.tex
File: tikzlibraryangles.code.tex 2020/01/08 v3.1.5b (3.1.5b)
)
(d:/TeX/tex_live/texlive/2020/texmf-dist/tex/generic/pgf/frontendlayer/tikz/lib
raries/tikzlibraryarrows.code.tex
File: tikzlibraryarrows.code.tex 2020/01/08 v3.1.5b (3.1.5b)

(d:/TeX/tex_live/texlive/2020/texmf-dist/tex/generic/pgf/libraries/pgflibraryar
rows.code.tex
File: pgflibraryarrows.code.tex 2020/01/08 v3.1.5b (3.1.5b)
\arrowsize=\dimen280
))
(d:/TeX/tex_live/texlive/2020/texmf-dist/tex/generic/pgf/libraries/pgflibraryar
rows.meta.code.tex
File: pgflibraryarrows.meta.code.tex 2020/01/08 v3.1.5b (3.1.5b)
\pgfarrowinset=\dimen281
\pgfarrowlength=\dimen282
\pgfarrowwidth=\dimen283
\pgfarrowlinewidth=\dimen284
)
(d:/TeX/tex_live/texlive/2020/texmf-dist/tex/generic/pgf/frontendlayer/tikz/lib
raries/tikzlibrarybabel.code.tex
File: tikzlibrarybabel.code.tex 2020/01/08 v3.1.5b (3.1.5b)
)
(d:/TeX/tex_live/texlive/2020/texmf-dist/tex/generic/pgf/frontendlayer/tikz/lib
raries/tikzlibrarycalc.code.tex
File: tikzlibrarycalc.code.tex 2020/01/08 v3.1.5b (3.1.5b)
)
(d:/TeX/tex_live/texlive/2020/texmf-dist/tex/generic/pgf/frontendlayer/tikz/lib
raries/tikzlibrarydecorations.code.tex
(d:/TeX/tex_live/texlive/2020/texmf-dist/tex/generic/pgf/modules/pgfmoduledecor
ations.code.tex
\pgfdecoratedcompleteddistance=\dimen285
\pgfdecoratedremainingdistance=\dimen286
\pgfdecoratedinputsegmentcompleteddistance=\dimen287
\pgfdecoratedinputsegmentremainingdistance=\dimen288
\pgf@decorate@distancetomove=\dimen289
\pgf@decorate@repeatstate=\count292
\pgfdecorationsegmentamplitude=\dimen290
\pgfdecorationsegmentlength=\dimen291
)
\tikz@lib@dec@box=\box61
)
(d:/TeX/tex_live/texlive/2020/texmf-dist/tex/generic/pgf/frontendlayer/tikz/lib
raries/tikzlibrarydecorations.markings.code.tex
(d:/TeX/tex_live/texlive/2020/texmf-dist/tex/generic/pgf/libraries/decorations/
pgflibrarydecorations.markings.code.tex))
(d:/TeX/tex_live/texlive/2020/texmf-dist/tex/generic/pgf/frontendlayer/tikz/lib
raries/tikzlibrarydecorations.pathreplacing.code.tex
(d:/TeX/tex_live/texlive/2020/texmf-dist/tex/generic/pgf/libraries/decorations/
pgflibrarydecorations.pathreplacing.code.tex))
(d:/TeX/tex_live/texlive/2020/texmf-dist/tex/generic/pgf/frontendlayer/tikz/lib
raries/tikzlibrarydecorations.shapes.code.tex
(d:/TeX/tex_live/texlive/2020/texmf-dist/tex/generic/pgf/libraries/decorations/
pgflibrarydecorations.shapes.code.tex))
(d:/TeX/tex_live/texlive/2020/texmf-dist/tex/generic/pgf/frontendlayer/tikz/lib
raries/tikzlibrarydecorations.text.code.tex
(d:/TeX/tex_live/texlive/2020/texmf-dist/tex/generic/pgf/libraries/decorations/
pgflibrarydecorations.text.code.tex
\pgf@lib@dec@text@box=\box62
)
\tikz@lib@dec@te@box=\box63
)
(d:/TeX/tex_live/texlive/2020/texmf-dist/tex/generic/pgf/frontendlayer/tikz/lib
raries/tikzlibrarydecorations.pathmorphing.code.tex
(d:/TeX/tex_live/texlive/2020/texmf-dist/tex/generic/pgf/libraries/decorations/
pgflibrarydecorations.pathmorphing.code.tex))
(d:/TeX/tex_live/texlive/2020/texmf-dist/tex/generic/pgf/frontendlayer/tikz/lib
raries/tikzlibraryintersections.code.tex
(d:/TeX/tex_live/texlive/2020/texmf-dist/tex/generic/pgf/libraries/pgflibraryin
tersections.code.tex
(d:/TeX/tex_live/texlive/2020/texmf-dist/tex/generic/pgf/libraries/pgflibraryfp
u.code.tex)
\pgf@intersect@solutions=\count293
))
(d:/TeX/tex_live/texlive/2020/texmf-dist/tex/generic/pgf/frontendlayer/tikz/lib
raries/tikzlibrarypatterns.code.tex
File: tikzlibrarypatterns.code.tex 2020/01/08 v3.1.5b (3.1.5b)

(d:/TeX/tex_live/texlive/2020/texmf-dist/tex/generic/pgf/libraries/pgflibrarypa
tterns.code.tex
File: pgflibrarypatterns.code.tex 2020/01/08 v3.1.5b (3.1.5b)
))
(d:/TeX/tex_live/texlive/2020/texmf-dist/tex/generic/pgf/frontendlayer/tikz/lib
raries/tikzlibraryplotmarks.code.tex
File: tikzlibraryplotmarks.code.tex 2020/01/08 v3.1.5b (3.1.5b)

(d:/TeX/tex_live/texlive/2020/texmf-dist/tex/generic/pgf/libraries/pgflibrarypl
otmarks.code.tex
File: pgflibraryplotmarks.code.tex 2020/01/08 v3.1.5b (3.1.5b)
))
(d:/TeX/tex_live/texlive/2020/texmf-dist/tex/generic/pgf/frontendlayer/tikz/lib
raries/tikzlibrarypositioning.code.tex
File: tikzlibrarypositioning.code.tex 2020/01/08 v3.1.5b (3.1.5b)
)
(d:/TeX/tex_live/texlive/2020/texmf-dist/tex/generic/pgf/frontendlayer/tikz/lib
raries/tikzlibraryquotes.code.tex
File: tikzlibraryquotes.code.tex 2020/01/08 v3.1.5b (3.1.5b)
)
(d:/TeX/tex_live/texlive/2020/texmf-dist/tex/generic/pgf/frontendlayer/tikz/lib
raries/tikzlibraryshadows.code.tex
File: tikzlibraryshadows.code.tex 2020/01/08 v3.1.5b (3.1.5b)

(d:/TeX/tex_live/texlive/2020/texmf-dist/tex/generic/pgf/frontendlayer/tikz/lib
raries/tikzlibraryfadings.code.tex
File: tikzlibraryfadings.code.tex 2020/01/08 v3.1.5b (3.1.5b)

(d:/TeX/tex_live/texlive/2020/texmf-dist/tex/generic/pgf/libraries/pgflibraryfa
dings.code.tex
File: pgflibraryfadings.code.tex 2020/01/08 v3.1.5b (3.1.5b)
)))
(d:/TeX/tex_live/texlive/2020/texmf-dist/tex/generic/pgf/frontendlayer/tikz/lib
raries/tikzlibraryshapes.misc.code.tex
File: tikzlibraryshapes.misc.code.tex 2020/01/08 v3.1.5b (3.1.5b)

(d:/TeX/tex_live/texlive/2020/texmf-dist/tex/generic/pgf/libraries/shapes/pgfli
braryshapes.misc.code.tex
File: pgflibraryshapes.misc.code.tex 2020/01/08 v3.1.5b (3.1.5b)
))
(d:/TeX/tex_live/texlive/2020/texmf-dist/tex/generic/pgf/frontendlayer/tikz/lib
raries/tikzlibrarythrough.code.tex
File: tikzlibrarythrough.code.tex 2020/01/08 v3.1.5b (3.1.5b)
)
(d:/TeX/tex_live/texlive/2020/texmf-dist/tex/latex/numprint/numprint.sty
Package: numprint 2012/08/20 v1.39 Print numbers (HH)
\c@nprt@mantissa@digitsbefore=\count294
\c@nprt@mantissa@digitsafter=\count295
\c@nprt@exponent@digitsbefore=\count296
\c@nprt@exponent@digitsafter=\count297
\nprt@digitwidth=\skip70
\nprt@sepwidth=\skip71
\nprt@decimalwidth=\skip72
\nprt@blockwidth=\skip73
\nprt@digittoks=\toks45
\nprt@pretoks=\toks46
\nprt@posttoks=\toks47
\nprt@thisdigit=\count298
\nprt@curpos=\count299
\nprt@rndpos=\count300
\c@nprt@digitsfirstblock=\count301
\c@nprt@blockcnt=\count302
\c@nprt@cntprint=\count303

No configuration file `numprint.cfg' found.)
(d:/TeX/tex_live/texlive/2020/texmf-dist/tex/latex/l3packages/xfp/xfp.sty
(d:/TeX/tex_live/texlive/2020/texmf-dist/tex/latex/l3kernel/expl3.sty
Package: expl3 2020-03-06 L3 programming layer (loader) 

(d:/TeX/tex_live/texlive/2020/texmf-dist/tex/latex/l3backend/l3backend-pdfmode.
def
File: l3backend-pdfmode.def 2020-03-12 L3 backend support: PDF mode
\l__kernel_color_stack_int=\count304
\l__pdf_internal_box=\box64
))
(d:/TeX/tex_live/texlive/2020/texmf-dist/tex/latex/l3packages/xparse/xparse.sty
Package: xparse 2020-03-06 L3 Experimental document command parser
\l__xparse_current_arg_int=\count305
\g__xparse_grabber_int=\count306
\l__xparse_m_args_int=\count307
\l__xparse_v_nesting_int=\count308
)
Package: xfp 2020-03-06 L3 Floating point unit
) (d:/TeX/tex_live/texlive/2020/texmf-dist/tex/latex/fp/fp.sty
Package: fp 1995/04/02

`Fixed Point Package', Version 0.8, April 2, 1995 (C) Michael Mehlich
(d:/TeX/tex_live/texlive/2020/texmf-dist/tex/latex/fp/defpattern.sty
Package: defpattern 1994/10/12
\actioncount=\count309
)
(d:/TeX/tex_live/texlive/2020/texmf-dist/tex/latex/fp/fp-basic.sty
Package: fp-basic 1996/05/13
\FP@xs=\count310
\FP@xia=\count311
\FP@xib=\count312
\FP@xfa=\count313
\FP@xfb=\count314
\FP@rega=\count315
\FP@regb=\count316
\FP@regs=\count317
\FP@times=\count318
)
(d:/TeX/tex_live/texlive/2020/texmf-dist/tex/latex/fp/fp-addons.sty
Package: fp-addons 1995/03/15
)
(d:/TeX/tex_live/texlive/2020/texmf-dist/tex/latex/fp/fp-snap.sty
Package: fp-snap 1995/04/05
)
(d:/TeX/tex_live/texlive/2020/texmf-dist/tex/latex/fp/fp-exp.sty
Package: fp-exp 1995/04/03
)
(d:/TeX/tex_live/texlive/2020/texmf-dist/tex/latex/fp/fp-trigo.sty
Package: fp-trigo 1995/04/14
)
(d:/TeX/tex_live/texlive/2020/texmf-dist/tex/latex/fp/fp-pas.sty
Package: fp-pas 1994/08/29
)
(d:/TeX/tex_live/texlive/2020/texmf-dist/tex/latex/fp/fp-random.sty
Package: fp-random 1995/02/23
\FPseed=\count319
)
(d:/TeX/tex_live/texlive/2020/texmf-dist/tex/latex/fp/fp-eqn.sty
Package: fp-eqn 1995/04/03
)
(d:/TeX/tex_live/texlive/2020/texmf-dist/tex/latex/fp/fp-upn.sty
Package: fp-upn 1996/10/21
)
(d:/TeX/tex_live/texlive/2020/texmf-dist/tex/latex/fp/fp-eval.sty
Package: fp-eval 1995/04/03
))
\tkzRadius=\dimen292
\tkzLength=\dimen293
\tkz@radi=\dimen294
\tkz@ax=\dimen295
\tkz@ay=\dimen296
\tkz@bx=\dimen297
\tkz@by=\dimen298
\tkz@cx=\dimen299
\tkz@cy=\dimen300
\tkz@dx=\dimen301
\tkz@dy=\dimen302
\tkz@tax=\dimen303
\tkz@tay=\dimen304
\tkz@tbx=\dimen305
\tkz@tby=\dimen306
\tkz@tcx=\dimen307
\tkz@tcy=\dimen308
\tkz@tdx=\dimen309
\tkz@tdy=\dimen310
\tkz@cntmk=\count320

Local configuration file tkz-base.cfg found and used
(d:/TeX/tex_live/texlive/2020/texmf-dist/tex/latex/tkz-base/tkz-base.cfg
2020/03/03 3.05c tkz-base.cfg
)
(d:/TeX/tex_live/texlive/2020/texmf-dist/tex/latex/tkz-base/tkz-tools-modules.t
ex
2020/03/03 3.05c tkz-tools-utilities.tex
) (d:/TeX/tex_live/texlive/2020/texmf-dist/tex/latex/tkz-base/tkz-lib-marks.tex
2020/03/03 3.05c tkz-lib-symbols.tex
)
(d:/TeX/tex_live/texlive/2020/texmf-dist/tex/latex/tkz-base/tkz-tools-base.tex
2020/03/03 3.05c tkz-tools-base.tex
)
(d:/TeX/tex_live/texlive/2020/texmf-dist/tex/latex/tkz-base/tkz-tools-utilities
.tex
2020/03/03 3.05c tkz-tools-utilities.tex
)
(d:/TeX/tex_live/texlive/2020/texmf-dist/tex/latex/tkz-euclide/tkz-tools-math.t
ex
2020/03/03 3.05c tkz-tools-math.tex
)
(d:/TeX/tex_live/texlive/2020/texmf-dist/tex/latex/tkz-base/tkz-tools-text.tex
2020/03/03 3.05c tkz-tools-text.tex
) (d:/TeX/tex_live/texlive/2020/texmf-dist/tex/latex/tkz-base/tkz-tools-BB.tex
2020/03/03 3.05c tkz-obj-BB.tex
)
(d:/TeX/tex_live/texlive/2020/texmf-dist/tex/latex/tkz-base/tkz-tools-arith.tex
2020/03/03 3.05c tkz-tools-arith.tex
File: tkz-tool-arith.tex tkz-tool-arith 3.02 c
)
(d:/TeX/tex_live/texlive/2020/texmf-dist/tex/latex/tkz-base/tkz-tools-print.tex
2020/03/03 3.05c tkz-tools-print.tex
)
(d:/TeX/tex_live/texlive/2020/texmf-dist/tex/latex/tkz-base/tkz-tools-misc.tex
2020/03/03 3.05c tkz-tools-misc.tex
) (d:/TeX/tex_live/texlive/2020/texmf-dist/tex/latex/tkz-base/tkz-obj-axes.tex
2020/03/03 3.05c tkz-obj-axes.tex
) (d:/TeX/tex_live/texlive/2020/texmf-dist/tex/latex/tkz-base/tkz-obj-grids.tex
2020/03/03 3.05c tkz-obj-grids.tex
) (d:/TeX/tex_live/texlive/2020/texmf-dist/tex/latex/tkz-base/tkz-obj-marks.tex
2020/03/03 3.05c tkz-obj-marks.tex
)
(d:/TeX/tex_live/texlive/2020/texmf-dist/tex/latex/tkz-base/tkz-obj-points.tex
2020/03/03 3.05c tkz-obj-points.tex
) (d:/TeX/tex_live/texlive/2020/texmf-dist/tex/latex/tkz-base/tkz-obj-rep.tex
2020/03/03 3.05c tkz-obj-rep.tex
))
(d:/TeX/tex_live/texlive/2020/texmf-dist/tex/latex/tkz-euclide/tkz-tools-inters
ections.tex
2020/03/03 3.05c tkz-tools-intersections.tex
)
(d:/TeX/tex_live/texlive/2020/texmf-dist/tex/latex/tkz-euclide/tkz-tools-angles
.tex
2020/03/03 3.05c tkz-tools-angles.tex
)
(d:/TeX/tex_live/texlive/2020/texmf-dist/tex/latex/tkz-euclide/tkz-obj-eu-angle
s.tex
2020/03/03 3.05c tkz-tool-eu-angles.tex
\tkz@arcsize=\dimen311
\tkz@fillsize=\dimen312
)
(d:/TeX/tex_live/texlive/2020/texmf-dist/tex/latex/tkz-euclide/tkz-obj-eu-arcs.
tex
2020/03/23 3.05c tkz-obj-eu-arcs.tex
)
(d:/TeX/tex_live/texlive/2020/texmf-dist/tex/latex/tkz-euclide/tkz-obj-eu-compa
ss.tex
2020/03/03 3.05c tkz-obj-eu-compass.tex
)
(d:/TeX/tex_live/texlive/2020/texmf-dist/tex/latex/tkz-euclide/tkz-obj-eu-circl
es.tex
2020/03/03 3.05c tkz-obj-eu-circles.tex
)
(d:/TeX/tex_live/texlive/2020/texmf-dist/tex/latex/tkz-euclide/tkz-obj-eu-draw-
circles.tex
2020/03/03 3.05c tkz-obj-eu-draw-circles.tex
)
(d:/TeX/tex_live/texlive/2020/texmf-dist/tex/latex/tkz-euclide/tkz-obj-eu-draw-
lines.tex
2020/03/03 3.05c tkz-obj-eu-draw-lines.tex
)
(d:/TeX/tex_live/texlive/2020/texmf-dist/tex/latex/tkz-euclide/tkz-obj-eu-draw-
polygons.tex
2020/03/03 3.05c tkz-obj-eu-polygons.tex
)
(d:/TeX/tex_live/texlive/2020/texmf-dist/tex/latex/tkz-euclide/tkz-obj-eu-draw-
triangles.tex)
(d:/TeX/tex_live/texlive/2020/texmf-dist/tex/latex/tkz-euclide/tkz-obj-eu-lines
.tex
2020/03/03 3.05c tkz-obj-eu-lines.tex
)
(d:/TeX/tex_live/texlive/2020/texmf-dist/tex/latex/tkz-euclide/tkz-obj-eu-point
s.tex
2020/03/03 3.05c tkz-obj-eu-points.tex
)
(d:/TeX/tex_live/texlive/2020/texmf-dist/tex/latex/tkz-euclide/tkz-obj-eu-point
s-by.tex
2020/03/03 3.05c tkz-tools-eu-points-by.tex
)
(d:/TeX/tex_live/texlive/2020/texmf-dist/tex/latex/tkz-euclide/tkz-obj-eu-point
s-rnd.tex
2020/03/03 3.05c tkz-obj-eu-points-rnd.tex
)
(d:/TeX/tex_live/texlive/2020/texmf-dist/tex/latex/tkz-euclide/tkz-obj-eu-point
s-with.tex
2020/03/03 3.05c tkz-obj-eu-points-with.tex
)
(d:/TeX/tex_live/texlive/2020/texmf-dist/tex/latex/tkz-euclide/tkz-obj-eu-polyg
ons.tex
2020/03/03 3.05c tkz-obj-eu-polygons.tex
)
(d:/TeX/tex_live/texlive/2020/texmf-dist/tex/latex/tkz-euclide/tkz-obj-eu-protr
actor.tex
2020/03/03 3.05c tkz-obj-eu-protractor.tex
)
(d:/TeX/tex_live/texlive/2020/texmf-dist/tex/latex/tkz-euclide/tkz-obj-eu-secto
rs.tex
2020/03/03 3.05c tkz-obj-eu-sectors.tex
)
(d:/TeX/tex_live/texlive/2020/texmf-dist/tex/latex/tkz-euclide/tkz-obj-eu-show.
tex
2020/03/03 3.05c tkz-obj-eu-show.tex
)
(d:/TeX/tex_live/texlive/2020/texmf-dist/tex/latex/tkz-euclide/tkz-obj-eu-trian
gles.tex
2020/03/03 3.05c tkz-obj-eu-triangles.tex
)) (d:/TeX/tex_live/texlive/2020/texmf-dist/tex/latex/enumitem/enumitem.sty
Package: enumitem 2019/06/20 v3.9 Customized lists
\labelindent=\skip74
\enit@outerparindent=\dimen313
\enit@toks=\toks48
\enit@inbox=\box65
\enit@count@id=\count321
\enitdp@description=\count322
)
(d:/TeX/tex_live/texlive/2020/texmf-dist/tex/generic/pgf/frontendlayer/tikz/lib
raries/tikzlibraryshapes.code.tex
File: tikzlibraryshapes.code.tex 2020/01/08 v3.1.5b (3.1.5b)

(d:/TeX/tex_live/texlive/2020/texmf-dist/tex/generic/pgf/frontendlayer/tikz/lib
raries/tikzlibraryshapes.geometric.code.tex
File: tikzlibraryshapes.geometric.code.tex 2020/01/08 v3.1.5b (3.1.5b)

(d:/TeX/tex_live/texlive/2020/texmf-dist/tex/generic/pgf/libraries/shapes/pgfli
braryshapes.geometric.code.tex
File: pgflibraryshapes.geometric.code.tex 2020/01/08 v3.1.5b (3.1.5b)
))
(d:/TeX/tex_live/texlive/2020/texmf-dist/tex/generic/pgf/frontendlayer/tikz/lib
raries/tikzlibraryshapes.symbols.code.tex
File: tikzlibraryshapes.symbols.code.tex 2020/01/08 v3.1.5b (3.1.5b)

(d:/TeX/tex_live/texlive/2020/texmf-dist/tex/generic/pgf/libraries/shapes/pgfli
braryshapes.symbols.code.tex
File: pgflibraryshapes.symbols.code.tex 2020/01/08 v3.1.5b (3.1.5b)
))
(d:/TeX/tex_live/texlive/2020/texmf-dist/tex/generic/pgf/frontendlayer/tikz/lib
raries/tikzlibraryshapes.arrows.code.tex
File: tikzlibraryshapes.arrows.code.tex 2020/01/08 v3.1.5b (3.1.5b)

(d:/TeX/tex_live/texlive/2020/texmf-dist/tex/generic/pgf/libraries/shapes/pgfli
braryshapes.arrows.code.tex
File: pgflibraryshapes.arrows.code.tex 2020/01/08 v3.1.5b (3.1.5b)
))
(d:/TeX/tex_live/texlive/2020/texmf-dist/tex/generic/pgf/frontendlayer/tikz/lib
raries/tikzlibraryshapes.callouts.code.tex
(d:/TeX/tex_live/texlive/2020/texmf-dist/tex/generic/pgf/libraries/shapes/pgfli
braryshapes.callouts.code.tex))
(d:/TeX/tex_live/texlive/2020/texmf-dist/tex/generic/pgf/frontendlayer/tikz/lib
raries/tikzlibraryshapes.multipart.code.tex
File: tikzlibraryshapes.multipart.code.tex 2020/01/08 v3.1.5b (3.1.5b)

(d:/TeX/tex_live/texlive/2020/texmf-dist/tex/generic/pgf/libraries/shapes/pgfli
braryshapes.multipart.code.tex
File: pgflibraryshapes.multipart.code.tex 2020/01/08 v3.1.5b (3.1.5b)
\pgfnodepartlowerbox=\box66
\pgfnodeparttwobox=\box67
\pgfnodepartthreebox=\box68
\pgfnodepartfourbox=\box69
\pgfnodeparttwentybox=\box70
\pgfnodepartnineteenbox=\box71
\pgfnodeparteighteenbox=\box72
\pgfnodepartseventeenbox=\box73
\pgfnodepartsixteenbox=\box74
\pgfnodepartfifteenbox=\box75
\pgfnodepartfourteenbox=\box76
\pgfnodepartthirteenbox=\box77
\pgfnodeparttwelvebox=\box78
\pgfnodepartelevenbox=\box79
\pgfnodeparttenbox=\box80
\pgfnodepartninebox=\box81
\pgfnodeparteightbox=\box82
\pgfnodepartsevenbox=\box83
\pgfnodepartsixbox=\box84
\pgfnodepartfivebox=\box85
)))
(d:/TeX/tex_live/texlive/2020/texmf-dist/tex/latex/soul/soul.sty
Package: soul 2003/11/17 v2.4 letterspacing/underlining (mf)
\SOUL@word=\toks49
\SOUL@lasttoken=\toks50
\SOUL@cmds=\toks51
\SOUL@buffer=\toks52
\SOUL@token=\toks53
\SOUL@spaceskip=\skip75
\SOUL@ttwidth=\dimen314
\SOUL@uldp=\dimen315
\SOUL@ulht=\dimen316
)
(d:/TeX/tex_live/texlive/2020/texmf-dist/tex/latex/psnfss/pifont.sty
Package: pifont 2005/04/12 PSNFSS-v9.2a Pi font support (SPQR) 
LaTeX Font Info:    Trying to load font information for U+pzd on input line 63.


(d:/TeX/tex_live/texlive/2020/texmf-dist/tex/latex/psnfss/upzd.fd
File: upzd.fd 2001/06/04 font definitions for U/pzd.
)
LaTeX Font Info:    Trying to load font information for U+psy on input line 64.


(d:/TeX/tex_live/texlive/2020/texmf-dist/tex/latex/psnfss/upsy.fd
File: upsy.fd 2001/06/04 font definitions for U/psy.
))
(d:/TeX/tex_live/texlive/2020/texmf-dist/tex/latex/tools/bm.sty
Package: bm 2019/07/24 v1.2d Bold Symbol Support (DPC/FMi)
\symboldoperators=\mathgroup6
\symboldletters=\mathgroup7
\symboldsymbols=\mathgroup8
LaTeX Font Info:    Redeclaring math alphabet \mathbf on input line 141.
LaTeX Info: Redefining \bm on input line 209.
)
(d:/TeX/tex_live/texlive/2020/texmf-dist/tex/latex/pgfplots/pgfplots.sty
(d:/TeX/tex_live/texlive/2020/texmf-dist/tex/generic/pgfplots/pgfplots.revision
.tex)
Package: pgfplots 2020/02/29 v1.17 Data Visualization (1.17)

(d:/TeX/tex_live/texlive/2020/texmf-dist/tex/generic/pgfplots/pgfplots.code.tex

(d:/TeX/tex_live/texlive/2020/texmf-dist/tex/generic/pgfplots/pgfplotscore.code
.tex
\t@pgfplots@toka=\toks54
\t@pgfplots@tokb=\toks55
\t@pgfplots@tokc=\toks56
\pgfplots@tmpa=\dimen317
\c@pgfplots@coordindex=\count323
\c@pgfplots@scanlineindex=\count324

(d:/TeX/tex_live/texlive/2020/texmf-dist/tex/generic/pgfplots/sys/pgfplotssysge
neric.code.tex))
(d:/TeX/tex_live/texlive/2020/texmf-dist/tex/generic/pgfplots/libs/pgfplotslibr
ary.code.tex)
(d:/TeX/tex_live/texlive/2020/texmf-dist/tex/generic/pgfplots/oldpgfcompatib/pg
fplotsoldpgfsupp_loader.code.tex)
(d:/TeX/tex_live/texlive/2020/texmf-dist/tex/generic/pgfplots/util/pgfplotsutil
.code.tex
(d:/TeX/tex_live/texlive/2020/texmf-dist/tex/generic/pgfplots/liststructure/pgf
plotsliststructure.code.tex)
(d:/TeX/tex_live/texlive/2020/texmf-dist/tex/generic/pgfplots/liststructure/pgf
plotsliststructureext.code.tex)
(d:/TeX/tex_live/texlive/2020/texmf-dist/tex/generic/pgfplots/liststructure/pgf
plotsarray.code.tex
\c@pgfplotsarray@tmp=\count325
)
(d:/TeX/tex_live/texlive/2020/texmf-dist/tex/generic/pgfplots/liststructure/pgf
plotsmatrix.code.tex)
(d:/TeX/tex_live/texlive/2020/texmf-dist/tex/generic/pgfplots/numtable/pgfplots
tableshared.code.tex
\c@pgfplotstable@counta=\count326
\t@pgfplotstable@a=\toks57
)
(d:/TeX/tex_live/texlive/2020/texmf-dist/tex/generic/pgfplots/liststructure/pgf
plotsdeque.code.tex)
(d:/TeX/tex_live/texlive/2020/texmf-dist/tex/generic/pgfplots/util/pgfplotsbina
ry.code.tex
(d:/TeX/tex_live/texlive/2020/texmf-dist/tex/generic/pgfplots/util/pgfplotsbina
ry.data.code.tex))
(d:/TeX/tex_live/texlive/2020/texmf-dist/tex/generic/pgfplots/util/pgfplotsutil
.verb.code.tex)
(d:/TeX/tex_live/texlive/2020/texmf-dist/tex/generic/pgfplots/libs/pgflibrarypg
fplots.surfshading.code.tex
\c@pgfplotslibrarysurf@no=\count327

(d:/TeX/tex_live/texlive/2020/texmf-dist/tex/generic/pgfplots/sys/pgflibrarypgf
plots.surfshading.pgfsys-pdftex.def)))
(d:/TeX/tex_live/texlive/2020/texmf-dist/tex/generic/pgfplots/util/pgfplotscolo
rmap.code.tex
(d:/TeX/tex_live/texlive/2020/texmf-dist/tex/generic/pgfplots/util/pgfplotscolo
r.code.tex))
(d:/TeX/tex_live/texlive/2020/texmf-dist/tex/generic/pgfplots/pgfplotsstackedpl
ots.code.tex)
(d:/TeX/tex_live/texlive/2020/texmf-dist/tex/generic/pgfplots/pgfplotsplothandl
ers.code.tex
(d:/TeX/tex_live/texlive/2020/texmf-dist/tex/generic/pgfplots/pgfplotsmeshploth
andler.code.tex
(d:/TeX/tex_live/texlive/2020/texmf-dist/tex/generic/pgfplots/pgfplotsmeshploti
mage.code.tex)))
(d:/TeX/tex_live/texlive/2020/texmf-dist/tex/generic/pgfplots/pgfplots.scaling.
code.tex)
(d:/TeX/tex_live/texlive/2020/texmf-dist/tex/generic/pgfplots/pgfplotscoordproc
essing.code.tex)
(d:/TeX/tex_live/texlive/2020/texmf-dist/tex/generic/pgfplots/pgfplots.errorbar
s.code.tex)
(d:/TeX/tex_live/texlive/2020/texmf-dist/tex/generic/pgfplots/pgfplots.markers.
code.tex)
(d:/TeX/tex_live/texlive/2020/texmf-dist/tex/generic/pgfplots/pgfplotsticks.cod
e.tex)
(d:/TeX/tex_live/texlive/2020/texmf-dist/tex/generic/pgfplots/pgfplots.paths.co
de.tex)
\pgfplots@numplots=\count328
\pgfplots@xmin@reg=\dimen318
\pgfplots@xmax@reg=\dimen319
\pgfplots@ymin@reg=\dimen320
\pgfplots@ymax@reg=\dimen321
\pgfplots@zmin@reg=\dimen322
\pgfplots@zmax@reg=\dimen323
))
(d:/TeX/tex_live/texlive/2020/texmf-dist/tex/generic/pgfplots/libs/tikzlibraryp
gfplots.statistics.code.tex)
(d:/TeX/tex_live/texlive/2020/texmf-dist/tex/generic/pgfplots/libs/tikzlibraryp
gfplots.fillbetween.code.tex
(d:/TeX/tex_live/texlive/2020/texmf-dist/tex/generic/pgfplots/pgfcontrib/tikzli
braryfillbetween.code.tex
(d:/TeX/tex_live/texlive/2020/texmf-dist/tex/generic/pgfplots/pgfcontrib/tikzli
brarydecorations.softclip.code.tex
(d:/TeX/tex_live/texlive/2020/texmf-dist/tex/generic/pgfplots/pgfcontrib/pgflib
raryfillbetween.code.tex)))
(d:/TeX/tex_live/texlive/2020/texmf-dist/tex/generic/pgfplots/libs/tikzlibraryp
gfplots.decorations.softclip.code.tex))
(d:/TeX/tex_live/texlive/2020/texmf-dist/tex/latex/pgf/frontendlayer/libraries/
tikzlibraryexternal.code.tex
(d:/TeX/tex_live/texlive/2020/texmf-dist/tex/generic/pgf/frontendlayer/tikz/lib
raries/tikzexternalshared.code.tex))
LaTeX Info: Redefining \( on input line 33.

(d:/TeX/tex_live/texlive/2020/texmf-dist/tex/latex/polski/polski.sty
Package: polski 2017/05/04 v1.3.4 Polish language package

   Inputenc package detected. Catcodes not changed.
(d:/TeX/tex_live/texlive/2020/texmf-dist/tex/latex/base/ot4enc.def
File: ot4enc.def 2020/02/11 v2.0o Standard LaTeX file
Now handling font encoding OT4 ...
... no UTF-8 mapping file for font encoding OT4
)
LaTeX Font Info:    Overwriting math alphabet `\mathbf' in version `normal'
(Font)                  OT1/cmr/bx/n --> OT4/cmr/bx/n on input line 324.
LaTeX Font Info:    Overwriting math alphabet `\mathsf' in version `normal'
(Font)                  OT1/cmss/m/n --> OT4/cmss/m/n on input line 324.
LaTeX Font Info:    Overwriting math alphabet `\mathit' in version `normal'
(Font)                  OT1/cmr/m/it --> OT4/cmr/m/it on input line 324.
LaTeX Font Info:    Overwriting math alphabet `\mathtt' in version `normal'
(Font)                  OT1/cmtt/m/n --> OT4/cmtt/m/n on input line 324.
LaTeX Font Info:    Overwriting math alphabet `\mathsf' in version `bold'
(Font)                  OT1/cmss/bx/n --> OT4/cmss/bx/n on input line 324.
LaTeX Font Info:    Overwriting math alphabet `\mathit' in version `bold'
(Font)                  OT1/cmr/bx/it --> OT4/cmr/bx/it on input line 324.
LaTeX Font Info:    Encoding `OT1' has changed to `OT4' for symbol font
(Font)              `operators' in the math version `normal' on input line 324.

LaTeX Font Info:    Overwriting symbol font `operators' in version `normal'
(Font)                  OT1/cmr/m/n --> OT4/cmr/m/n on input line 324.
LaTeX Font Info:    Overwriting symbol font `letters' in version `normal'
(Font)                  OML/cmm/m/it --> OML/plm/m/it on input line 324.
LaTeX Font Info:    Overwriting symbol font `symbols' in version `normal'
(Font)                  OMS/cmsy/m/n --> OMS/plsy/m/n on input line 324.
LaTeX Font Info:    Overwriting symbol font `largesymbols' in version `normal'
(Font)                  OMX/cmex/m/n --> OMX/plex/m/n on input line 324.
LaTeX Font Info:    Encoding `OT1' has changed to `OT4' for symbol font
(Font)              `operators' in the math version `bold' on input line 324.
LaTeX Font Info:    Overwriting symbol font `operators' in version `bold'
(Font)                  OT1/cmr/bx/n --> OT4/cmr/bx/n on input line 324.
LaTeX Font Info:    Overwriting symbol font `letters' in version `bold'
(Font)                  OML/cmm/b/it --> OML/plm/b/it on input line 324.
LaTeX Font Info:    Overwriting symbol font `symbols' in version `bold'
(Font)                  OMS/cmsy/b/n --> OMS/plsy/b/n on input line 324.
)
(./wzory_autocorr.aux)
\openout1 = `wzory_autocorr.aux'.

LaTeX Font Info:    Checking defaults for OML/cmm/m/it on input line 38.
LaTeX Font Info:    ... okay on input line 38.
LaTeX Font Info:    Checking defaults for OMS/cmsy/m/n on input line 38.
LaTeX Font Info:    ... okay on input line 38.
LaTeX Font Info:    Checking defaults for OT1/cmr/m/n on input line 38.
LaTeX Font Info:    ... okay on input line 38.
LaTeX Font Info:    Checking defaults for T1/cmr/m/n on input line 38.
LaTeX Font Info:    ... okay on input line 38.
LaTeX Font Info:    Checking defaults for TS1/cmr/m/n on input line 38.
LaTeX Font Info:    ... okay on input line 38.
LaTeX Font Info:    Checking defaults for OMX/cmex/m/n on input line 38.
LaTeX Font Info:    ... okay on input line 38.
LaTeX Font Info:    Checking defaults for U/cmr/m/n on input line 38.
LaTeX Font Info:    ... okay on input line 38.
LaTeX Font Info:    Checking defaults for PD1/pdf/m/n on input line 38.
LaTeX Font Info:    ... okay on input line 38.
LaTeX Font Info:    Checking defaults for OT4/cmr/m/n on input line 38.
LaTeX Font Info:    Trying to load font information for OT4+cmr on input line 3
8.

(d:/TeX/tex_live/texlive/2020/texmf-dist/tex/latex/polski/ot4cmr.fd
File: ot4cmr.fd 2008/02/24 v1.2.1 Font defs for fonts PL (MW)
)
LaTeX Font Info:    ... okay on input line 38.

*geometry* driver: auto-detecting
*geometry* detected driver: pdftex
*geometry* verbose mode - [ preamble ] result:
* driver: pdftex
* paper: a4paper
* layout: <same size as paper>
* layoutoffset:(h,v)=(0.0pt,0.0pt)
* modes: 
* h-part:(L,W,R)=(71.13188pt, 455.24411pt, 71.13188pt)
* v-part:(T,H,B)=(71.13188pt, 702.78308pt, 71.13188pt)
* \paperwidth=597.50787pt
* \paperheight=845.04684pt
* \textwidth=455.24411pt
* \textheight=702.78308pt
* \oddsidemargin=-1.1381pt
* \evensidemargin=-1.1381pt
* \topmargin=-32.1381pt
* \headheight=14.5pt
* \headsep=16.5pt
* \topskip=12.0pt
* \footskip=29.0pt
* \marginparwidth=0.0pt
* \marginparsep=0.0pt
* \columnsep=25.6802pt
* \skip\footins=10.8pt plus 4.0pt minus 2.0pt
* \hoffset=0.0pt
* \voffset=0.0pt
* \mag=1000
* \@twocolumnfalse
* \@twosidefalse
* \@mparswitchfalse
* \@reversemarginfalse
* (1in=72.27pt=25.4mm, 1cm=28.453pt)

(d:/TeX/tex_live/texlive/2020/texmf-dist/tex/context/base/mkii/supp-pdf.mkii
[Loading MPS to PDF converter (version 2006.09.02).]
\scratchcounter=\count329
\scratchdimen=\dimen324
\scratchbox=\box86
\nofMPsegments=\count330
\nofMParguments=\count331
\everyMPshowfont=\toks58
\MPscratchCnt=\count332
\MPscratchDim=\dimen325
\MPnumerator=\count333
\makeMPintoPDFobject=\count334
\everyMPtoPDFconversion=\toks59
)
(d:/TeX/tex_live/texlive/2020/texmf-dist/tex/latex/epstopdf-pkg/epstopdf-base.s
ty
Package: epstopdf-base 2020-01-24 v2.11 Base part for package epstopdf
 (d:/TeX/tex_live/texlive/2020/texmf-dist/tex/latex/grfext/grfext.sty
Package: grfext 2019/12/03 v1.3 Manage graphics extensions (HO)
)
Package epstopdf-base Info: Redefining graphics rule for `.eps' on input line 4
85.
Package grfext Info: Graphics extension search list:
(grfext)             [.pdf,.png,.jpg,.mps,.jpeg,.jbig2,.jb2,.PDF,.PNG,.JPG,.JPE
G,.JBIG2,.JB2,.eps]
(grfext)             \AppendGraphicsExtensions on input line 504.

(d:/TeX/tex_live/texlive/2020/texmf-dist/tex/latex/latexconfig/epstopdf-sys.cfg
File: epstopdf-sys.cfg 2010/07/13 v1.3 Configuration of (r)epstopdf for TeX Liv
e
))
\AtBeginShipoutBox=\box87
Package hyperref Info: Link coloring OFF on input line 38.
 (d:/TeX/tex_live/texlive/2020/texmf-dist/tex/latex/hyperref/nameref.sty
Package: nameref 2019/09/16 v2.46 Cross-referencing by name of section

(d:/TeX/tex_live/texlive/2020/texmf-dist/tex/latex/refcount/refcount.sty
Package: refcount 2019/12/15 v3.6 Data extraction from label references (HO)
)
(d:/TeX/tex_live/texlive/2020/texmf-dist/tex/generic/gettitlestring/gettitlestr
ing.sty
Package: gettitlestring 2019/12/15 v1.6 Cleanup title references (HO)
)
\c@section@level=\count335
)
LaTeX Info: Redefining \ref on input line 38.
LaTeX Info: Redefining \pageref on input line 38.
LaTeX Info: Redefining \nameref on input line 38.
 (./wzory_autocorr.out) (./wzory_autocorr.out)
\@outlinefile=\write4
\openout4 = `wzory_autocorr.out'.


ABD: EveryShipout initializing macros
Package pgfplots notification 'compat/show suggested version=true': document ha
s been generated with the most recent feature set (\pgfplotsset{compat=1.17}).

LaTeX Font Info:    Trying to load font information for OML+plm on input line 4
0.
(d:/TeX/tex_live/texlive/2020/texmf-dist/tex/latex/polski/omlplm.fd
File: omlplm.fd 2008/02/24 v1.2.1 Font defs for fonts PL (MW)
)
LaTeX Font Info:    Trying to load font information for OMS+plsy on input line 
40.

(d:/TeX/tex_live/texlive/2020/texmf-dist/tex/latex/polski/omsplsy.fd
File: omsplsy.fd 2008/02/24 v1.2.1 Font defs for fonts PL (MW)
)
LaTeX Font Info:    Trying to load font information for OMX+plex on input line 
40.

(d:/TeX/tex_live/texlive/2020/texmf-dist/tex/latex/polski/omxplex.fd
File: omxplex.fd 2008/02/24 v1.2.1 Font defs for fonts PL (MW)
)
LaTeX Font Info:    External font `plex10' loaded for size
(Font)              <12> on input line 40.
LaTeX Font Info:    External font `plex10' loaded for size
(Font)              <8> on input line 40.
LaTeX Font Info:    External font `plex10' loaded for size
(Font)              <6> on input line 40.
LaTeX Font Info:    Trying to load font information for U+msa on input line 40.


(d:/TeX/tex_live/texlive/2020/texmf-dist/tex/latex/amsfonts/umsa.fd
File: umsa.fd 2013/01/14 v3.01 AMS symbols A
)
LaTeX Font Info:    Trying to load font information for U+msb on input line 40.


(d:/TeX/tex_live/texlive/2020/texmf-dist/tex/latex/amsfonts/umsb.fd
File: umsb.fd 2013/01/14 v3.01 AMS symbols B
) [1

{d:/TeX/tex_live/texlive/2020/texmf-var/fonts/map/pdftex/updmap/pdftex.map}] [2
]
[3]
Package atveryend Info: Empty hook `BeforeClearDocument' on input line 124.
Package atveryend Info: Empty hook `AfterLastShipout' on input line 124.
 (./wzory_autocorr.aux)
Package atveryend Info: Executing hook `AtVeryEndDocument' on input line 124.
Package atveryend Info: Executing hook `AtEndAfterFileList' on input line 124.
Package rerunfilecheck Info: File `wzory_autocorr.out' has not changed.
(rerunfilecheck)             Checksum: 5C75A7160EF9AC42F8AB9F3670998F97;488.
Package atveryend Info: Empty hook `AtVeryVeryEnd' on input line 124.
 ) 
Here is how much of TeX's memory you used:
 37405 strings out of 480608
 910552 string characters out of 5901153
 1354346 words of memory out of 5000000
 52416 multiletter control sequences out of 15000+600000
 545785 words of font info for 60 fonts, out of 8000000 for 9000
 1141 hyphenation exceptions out of 8191
 79i,17n,136p,943b,609s stack positions out of 5000i,500n,10000p,200000b,80000s
{d:/TeX/tex_live/texlive/2020/texmf-dist/fonts/enc/dvips/cm-super/cm-super-t1
.enc}{d:/TeX/tex_live/texlive/2020/texmf-dist/fonts/enc/dvips/pl/plmi.enc}{d:/T
eX/tex_live/texlive/2020/texmf-dist/fonts/enc/dvips/pl/plms.enc}{d:/TeX/tex_liv
e/texlive/2020/texmf-dist/fonts/enc/dvips/pl/plrm.enc}{d:/TeX/tex_live/texlive/
2020/texmf-dist/fonts/enc/dvips/pl/plme.enc}<d:/TeX/tex_live/texlive/2020/texmf
-dist/fonts/type1/public/amsfonts/symbols/msbm10.pfb><d:/TeX/tex_live/texlive/2
020/texmf-dist/fonts/type1/public/pl/plex10.pfb><d:/TeX/tex_live/texlive/2020/t
exmf-dist/fonts/type1/public/pl/plmi12.pfb><d:/TeX/tex_live/texlive/2020/texmf-
dist/fonts/type1/public/pl/plmi6.pfb><d:/TeX/tex_live/texlive/2020/texmf-dist/f
onts/type1/public/pl/plmi8.pfb><d:/TeX/tex_live/texlive/2020/texmf-dist/fonts/t
ype1/public/pl/plr12.pfb><d:/TeX/tex_live/texlive/2020/texmf-dist/fonts/type1/p
ublic/pl/plr8.pfb><d:/TeX/tex_live/texlive/2020/texmf-dist/fonts/type1/public/p
l/plsy10.pfb><d:/TeX/tex_live/texlive/2020/texmf-dist/fonts/type1/public/pl/pls
y8.pfb><d:/TeX/tex_live/texlive/2020/texmf-dist/fonts/type1/public/cm-super/sfb
x1440.pfb><d:/TeX/tex_live/texlive/2020/texmf-dist/fonts/type1/public/cm-super/
sfrm0800.pfb><d:/TeX/tex_live/texlive/2020/texmf-dist/fonts/type1/public/cm-sup
er/sfrm1200.pfb>
Output written on wzory_autocorr.pdf (3 pages, 98359 bytes).
PDF statistics:
 150 PDF objects out of 1000 (max. 8388607)
 115 compressed objects within 2 object streams
 15 named destinations out of 1000 (max. 500000)
 197 words of extra memory for PDF output out of 10000 (max. 10000000)

